Sender: LSF System <lsfadmin@c05b08>
Subject: Job 15320503: <output/alpha17_24.h5> Done

Job <output/alpha17_24.h5> was submitted from host <ln0> by user <wangzhe3> in cluster <cluster1>.
Job was executed on host(s) <c05b08>, in queue <normal>, as user <wangzhe3> in cluster <cluster1>.
</home/wangzhe3> was used as the home directory.
</work1/wangzhe3_work/JP_python> was used as the working directory.
Started at Wed Dec 18 16:45:29 2019
Results reported at Wed Dec 18 16:48:17 2019

Your job looked like:

------------------------------------------------------------
# LSBATCH: User input
python3 main_recon.py output/alpha17_24.h5 type7/alpha17_24.root
------------------------------------------------------------

Successfully completed.

Resource usage summary:

    CPU time   :    133.14 sec.
    Max Memory :       174 MB
    Max Swap   :       503 MB

    Max Processes  :         3
    Max Threads    :         5

The output (if any) follows:

type7/alpha17_24.root
1
2
3
4
5
6
7
8
9
10
11
12
13
14
15
16
17
18
19
20
21
22
23
24
25
26
27
28
29
30
31
32
33
34
35
36
37
38
39
40
41
42
43
44
45
46
47
48
49
50
51
52
53
54
55
56
57
58
59
60
61
62
63
64
65
66
67
68
69
70
71
72
73
74
75
76
77
78
79
80
81
82
83
84
85
86
87
88
89
90
91
92
93
94
95
96
97
98
99
100
101
102
103
104
105
106
107
108
109
110
111
112
113
114
115
116
117
118
119
120
121
122
123
124
125
126
127
128
129
130
131
132
133
134
135
136
137
138
139
140
141
142
143
144
145
146
147


PS:

Read file <output/alpha17_24.h5.err> for stderr output of this job.

