Sender: LSF System <lsfadmin@c03b02>
Subject: Job 15273749: <output/ele5_14.h5> Done

Job <output/ele5_14.h5> was submitted from host <ln0> by user <wangzhe3> in cluster <cluster1>.
Job was executed on host(s) <c03b02>, in queue <normal>, as user <wangzhe3> in cluster <cluster1>.
</tmp/.lsbtmp1663> was used as the home directory.
</home/wangzhe3/work/JP_python> was used as the working directory.
Started at Thu Dec  5 10:16:27 2019
Results reported at Thu Dec  5 10:20:10 2019

Your job looked like:

------------------------------------------------------------
# LSBATCH: User input
python3 main_recon.py output/ele5_14.h5 type3/ele5_14.root
------------------------------------------------------------

Successfully completed.

Resource usage summary:

    CPU time   :    114.51 sec.
    Max Memory :       172 MB
    Max Swap   :       503 MB

    Max Processes  :         3
    Max Threads    :         5

The output (if any) follows:

type3/ele5_14.root
1
2
3
4
5
6
7
8
9
10
11
12
13
14
15
16
17
18
19
20
21
22
23
24
25
26
27
28
29
30
31
32
33
34
35
36
37
38
39
40
41
42
43
44
45
46
47
48
49
50
51
52
53
54
55
56
57
58
59
60
61
62


PS:

Read file <output/ele5_14.h5.err> for stderr output of this job.

