Sender: LSF System <lsfadmin@c02b07>
Subject: Job 15174440: <output/ele20_26.h5> Done

Job <output/ele20_26.h5> was submitted from host <ln0> by user <wangzhe3> in cluster <cluster1>.
Job was executed on host(s) <c02b07>, in queue <normal>, as user <wangzhe3> in cluster <cluster1>.
</tmp/.lsbtmp1663> was used as the home directory.
</home/wangzhe3/work/JP_python> was used as the working directory.
Started at Fri Nov 22 16:26:25 2019
Results reported at Fri Nov 22 16:26:48 2019

Your job looked like:

------------------------------------------------------------
# LSBATCH: User input
python3 Recon_noiter.py output/ele20_26.h5 type1/ele20_26.root
------------------------------------------------------------

Successfully completed.

Resource usage summary:

    CPU time   :     17.97 sec.
    Max Memory :         3 MB
    Max Swap   :        25 MB

    Max Processes  :         1
    Max Threads    :         1

The output (if any) follows:

type1/ele20_26.root
1
2
3
4
5
6
7
8
9
10
11
12
13
14
15
16
17
18
19
20
21
22
23
24
25
26
27
28
29
30
31
32
33
34
35
36
37
38
39
40
41
42
43
44
45
46
47
48
49
50
51
52
53
54
55
56
57
58
59
60
61
62


PS:

Read file <output/ele20_26.h5.err> for stderr output of this job.

