Sender: LSF System <lsfadmin@c14b16>
Subject: Job 15186124: <output/ele7_11.h5> Done

Job <output/ele7_11.h5> was submitted from host <ln0> by user <wangzhe3> in cluster <cluster1>.
Job was executed on host(s) <c14b16>, in queue <normal>, as user <wangzhe3> in cluster <cluster1>.
</home/wangzhe3> was used as the home directory.
</home/wangzhe3/work/JP_python> was used as the working directory.
Started at Sat Nov 23 18:31:44 2019
Results reported at Sat Nov 23 18:32:35 2019

Your job looked like:

------------------------------------------------------------
# LSBATCH: User input
python3 main_recon.py output/ele7_11.h5 type1/ele7_11.root
------------------------------------------------------------

Successfully completed.

Resource usage summary:

    CPU time   :     10.36 sec.
    Max Memory :        68 MB
    Max Swap   :       352 MB

    Max Processes  :         3
    Max Threads    :         4

The output (if any) follows:

type1/ele7_11.root
1
2
3
4
5
6
7
8
9
10
11
12
13
14
15
16
17
18
19
20
21
22
23
24
25
26
27
28
29


PS:

Read file <output/ele7_11.h5.err> for stderr output of this job.

