Sender: LSF System <lsfadmin@c03b09>
Subject: Job 15274582: <output/alpha15.h5> Done

Job <output/alpha15.h5> was submitted from host <ln0> by user <wangzhe3> in cluster <cluster1>.
Job was executed on host(s) <c03b09>, in queue <normal>, as user <wangzhe3> in cluster <cluster1>.
</home/wangzhe3> was used as the home directory.
</home/wangzhe3/work/JP_python> was used as the working directory.
Started at Thu Dec  5 15:01:22 2019
Results reported at Thu Dec  5 15:01:47 2019

Your job looked like:

------------------------------------------------------------
# LSBATCH: User input
python3 main_recon.py output/alpha15.h5 type4/alpha15.root
------------------------------------------------------------

Successfully completed.

Resource usage summary:

    CPU time   :     18.66 sec.
    Max Memory :         3 MB
    Max Swap   :        25 MB

    Max Processes  :         1
    Max Threads    :         1

The output (if any) follows:

type4/alpha15.root
1
2
3
4
5
6
7
8
9
10
11
12
13
14
15
16
17
18
19
20


PS:

Read file <output/alpha15.h5.err> for stderr output of this job.

