Sender: LSF System <lsfadmin@c04b07>
Subject: Job 15274570: <output/alpha5.h5> Done

Job <output/alpha5.h5> was submitted from host <ln0> by user <wangzhe3> in cluster <cluster1>.
Job was executed on host(s) <c04b07>, in queue <normal>, as user <wangzhe3> in cluster <cluster1>.
</home/wangzhe3> was used as the home directory.
</home/wangzhe3/work/JP_python> was used as the working directory.
Started at Thu Dec  5 15:01:23 2019
Results reported at Thu Dec  5 15:01:48 2019

Your job looked like:

------------------------------------------------------------
# LSBATCH: User input
python3 main_recon.py output/alpha5.h5 type4/alpha5.root
------------------------------------------------------------

Successfully completed.

Resource usage summary:

    CPU time   :     18.57 sec.
    Max Memory :         3 MB
    Max Swap   :        26 MB

    Max Processes  :         1
    Max Threads    :         1

The output (if any) follows:

type4/alpha5.root
1
2
3
4
5
6
7
8
9
10
11
12
13
14
15
16
17
18
19
20


PS:

Read file <output/alpha5.h5.err> for stderr output of this job.

